Arguments: 
  /Users/danillosouza/.nvm/versions/node/v12.16.1/bin/node /Users/danillosouza/.nvm/versions/node/v12.16.1/bin/yarn

PATH: 
  /usr/local/sbin:/Users/danillosouza/.nvm/versions/node/v12.16.1/bin:/usr/local/bin:/usr/bin:/bin:/usr/sbin:/sbin:/Library/Apple/usr/bin:/Library/Internet Plug-Ins/JavaAppletPlugin.plugin/Contents/Home/bin

Yarn version: 
  1.22.17

Node version: 
  12.16.1

Platform: 
  darwin x64

Trace: 
  Error: getaddrinfo ENOTFOUND atf.intranet.bb.com.br
      at GetAddrInfoReqWrap.onlookup [as oncomplete] (dns.js:64:26)

npm manifest: 
  {
    "name": "srp",
    "version": "1.0.0",
    "description": "Padrões de Projeto e SOLID",
    "main": "index.ts",
    "dependencies": {},
    "devDependencies": {
      "@types/node": "^17.0.21",
      "nodemon": "^2.0.15",
      "ts-node": "^10.7.0",
      "typescript": "^4.6.2"
    },
    "scripts": {
      "test": "echo \"Error: no test specified\" && exit 1",
      "start": "nodemon"
    },
    "author": "Danillo Gonçalves de Souza",
    "license": "ISC"
  }

yarn manifest: 
  No manifest

Lockfile: 
  No lockfile
